<?xml version="1.0" encoding="UTF-8"?>
<!-- Generated by org.testng.reporters.JUnitReportReporter -->
<testsuite hostname="luojinyingdeMacBook-Pro.local" name="com.luosi.cases.RegisterCase" tests="6" failures="0" timestamp="4 Feb 2020 03:42:47 GMT" time="3.200" errors="0">
  <testcase name="testRegister" time="0.112" classname="com.luosi.cases.RegisterCase"/>
  <testcase name="testRegister" time="1.208" classname="com.luosi.cases.RegisterCase"/>
  <testcase name="testRegister" time="0.105" classname="com.luosi.cases.RegisterCase"/>
  <testcase name="testRegister" time="1.553" classname="com.luosi.cases.RegisterCase"/>
  <testcase name="testRegister" time="0.099" classname="com.luosi.cases.RegisterCase"/>
  <testcase name="testRegister" time="0.123" classname="com.luosi.cases.RegisterCase"/>
</testsuite> <!-- com.luosi.cases.RegisterCase -->
