<?xml version="1.0" encoding="UTF-8"?>
<!-- Generated by org.testng.reporters.JUnitReportReporter -->
<testsuite hostname="luojinyingdeMacBook-Pro.local" name="com.luosi.cases.LoginCase" tests="5" failures="0" timestamp="4 Feb 2020 03:42:47 GMT" time="0.585" errors="0">
  <testcase name="testLogin" time="0.089" classname="com.luosi.cases.LoginCase"/>
  <testcase name="testLogin" time="0.133" classname="com.luosi.cases.LoginCase"/>
  <testcase name="testLogin" time="0.132" classname="com.luosi.cases.LoginCase"/>
  <testcase name="testLogin" time="0.097" classname="com.luosi.cases.LoginCase"/>
  <testcase name="testLogin" time="0.134" classname="com.luosi.cases.LoginCase"/>
</testsuite> <!-- com.luosi.cases.LoginCase -->
