<?xml version="1.0" encoding="UTF-8"?>
<!-- Generated by org.testng.reporters.JUnitReportReporter -->
<testsuite hostname="luojinyingdeMacBook-Pro.local" name="com.luosi.cases.LoginCase" tests="5" failures="0" timestamp="1 Feb 2020 13:55:06 GMT" time="0.631" errors="0">
  <testcase name="testLogin" time="0.103" classname="com.luosi.cases.LoginCase"/>
  <testcase name="testLogin" time="0.147" classname="com.luosi.cases.LoginCase"/>
  <testcase name="testLogin" time="0.145" classname="com.luosi.cases.LoginCase"/>
  <testcase name="testLogin" time="0.118" classname="com.luosi.cases.LoginCase"/>
  <testcase name="testLogin" time="0.118" classname="com.luosi.cases.LoginCase"/>
</testsuite> <!-- com.luosi.cases.LoginCase -->
