<?xml version="1.0" encoding="UTF-8"?>
<!-- Generated by org.testng.reporters.JUnitReportReporter -->
<testsuite hostname="luojinyingdeMacBook-Pro.local" name="com.luosi.cases.RegisterCase" tests="6" failures="0" timestamp="1 Feb 2020 13:55:06 GMT" time="2.868" errors="0">
  <testcase name="testRegister" time="0.874" classname="com.luosi.cases.RegisterCase"/>
  <testcase name="testRegister" time="1.552" classname="com.luosi.cases.RegisterCase"/>
  <testcase name="testRegister" time="0.097" classname="com.luosi.cases.RegisterCase"/>
  <testcase name="testRegister" time="0.096" classname="com.luosi.cases.RegisterCase"/>
  <testcase name="testRegister" time="0.146" classname="com.luosi.cases.RegisterCase"/>
  <testcase name="testRegister" time="0.103" classname="com.luosi.cases.RegisterCase"/>
</testsuite> <!-- com.luosi.cases.RegisterCase -->
